Hostname : BS-PT5CD04719VK-KGMTP
Command : whoami










Time : Fri Aug 20 18:36:56 2021
Results : azuread\vladifidchuk

++++++++++++++++++++++++++++++
Hostname : BS-PT5CD04719VK-KGMTP
Command : whoami










Time : Fri Aug 20 18:37:17 2021
Results : azuread\vladifidchuk

++++++++++++++++++++++++++++++
Hostname : BS-PT5CD04719VK-KGMTP
Command : whoami










Time : Fri Aug 20 18:37:27 2021
Results : azuread\vladifidchuk

++++++++++++++++++++++++++++++
Hostname : BS-PT5CD04719VK-KGMTP
Command : whoami










Time : Fri Aug 20 18:37:48 2021
Results : azuread\vladifidchuk

++++++++++++++++++++++++++++++
Hostname : BS-PT5CD04719VK-KGMTP
Command : whoami










Time : Fri Aug 20 18:38:09 2021
Results : azuread\vladifidchuk

++++++++++++++++++++++++++++++
