Hostname : BS-PT5CD04719VK-PVXNB
Command : whoami










Time : Sat Aug 21 19:22:55 2021
Results : Exception calling "GetMessage" with "2" argument(s): "Object reference not set to an instance of an object."
At C:\Users\VladiFidchuk\Documents\WindowsPowerShell\Modules\Gmail.ps\Gmail.ps.psm1:617 char:9
+         $Session.GetMessage($Message.Uid, $false)
+         ~~~~~~~~~~~~~~~~~~~~~~~~~~~~~~~~~~~~~~~~~
    + CategoryInfo          : NotSpecified: (:) [], MethodInvocationException
    + FullyQualifiedErrorId : NullReferenceException
 

++++++++++++++++++++++++++++++
Hostname : BS-PT5CD04719VK-PVXNB
Command : whoami










Time : Sat Aug 21 19:24:33 2021
Results : Exception calling "GetMessage" with "2" argument(s): "Object reference not set to an instance of an object."
At C:\Users\VladiFidchuk\Documents\WindowsPowerShell\Modules\Gmail.ps\Gmail.ps.psm1:617 char:9
+         $Session.GetMessage($Message.Uid, $false)
+         ~~~~~~~~~~~~~~~~~~~~~~~~~~~~~~~~~~~~~~~~~
    + CategoryInfo          : NotSpecified: (:) [], MethodInvocationException
    + FullyQualifiedErrorId : NullReferenceException
 

++++++++++++++++++++++++++++++
Hostname : BS-PT5CD04719VK-PVXNB
Command : whoami










Time : Sat Aug 21 19:27:11 2021
Results : Exception calling "GetMessage" with "2" argument(s): "Object reference not set to an instance of an object."
At C:\Users\VladiFidchuk\Documents\WindowsPowerShell\Modules\Gmail.ps\Gmail.ps.psm1:617 char:9
+         $Session.GetMessage($Message.Uid, $false)
+         ~~~~~~~~~~~~~~~~~~~~~~~~~~~~~~~~~~~~~~~~~
    + CategoryInfo          : NotSpecified: (:) [], MethodInvocationException
    + FullyQualifiedErrorId : NullReferenceException
 

++++++++++++++++++++++++++++++
